[Thu, 03 Nov 2022 05:55:07 GMT] "GET /external HTTP/1.1" 200
[Thu, 03 Nov 2022 05:55:07 GMT] "GET /favicon.ico HTTP/1.1" 404
[Thu, 03 Nov 2022 06:01:19 GMT] "GET /external HTTP/1.1" 200
[Thu, 03 Nov 2022 06:01:34 GMT] "GET /external/login HTTP/1.1" 404
[Thu, 03 Nov 2022 06:01:49 GMT] "POST /external/login HTTP/1.1" -
[Thu, 03 Nov 2022 06:06:24 GMT] "POST /external/login HTTP/1.1" 200
[Thu, 03 Nov 2022 06:14:29 GMT] "POST /external/login HTTP/1.1" 200
[Thu, 03 Nov 2022 06:15:04 GMT] "POST /external/login HTTP/1.1" 200
[Thu, 03 Nov 2022 06:17:53 GMT] "POST /external/login HTTP/1.1" 200
[Thu, 03 Nov 2022 06:19:20 GMT] "POST /external/login HTTP/1.1" 200
[Thu, 03 Nov 2022 06:21:56 GMT] "POST /external/login HTTP/1.1" 200
[Thu, 03 Nov 2022 06:23:55 GMT] "POST /external/login HTTP/1.1" 200
[Thu, 03 Nov 2022 06:24:58 GMT] "POST /external/login HTTP/1.1" 200
[Thu, 03 Nov 2022 06:25:51 GMT] "POST /external/login HTTP/1.1" 200
[Thu, 03 Nov 2022 07:10:50 GMT] "POST /external/login HTTP/1.1" 200
[Thu, 03 Nov 2022 07:11:19 GMT] "POST /external/login HTTP/1.1" 200
[Thu, 03 Nov 2022 07:12:57 GMT] "POST /external/login HTTP/1.1" 200
[Thu, 03 Nov 2022 07:13:39 GMT] "POST /external/login HTTP/1.1" 200
[Thu, 03 Nov 2022 07:14:56 GMT] "POST /external/login HTTP/1.1" 200
[Thu, 03 Nov 2022 07:15:56 GMT] "POST /external/login HTTP/1.1" 200
[Thu, 03 Nov 2022 07:20:01 GMT] "POST /external/login HTTP/1.1" 200
[Thu, 03 Nov 2022 07:21:53 GMT] "POST /external/login HTTP/1.1" 200
[Thu, 03 Nov 2022 07:22:31 GMT] "POST /external/login HTTP/1.1" 200
[Thu, 03 Nov 2022 07:22:43 GMT] "POST /external/login HTTP/1.1" 200
[Thu, 03 Nov 2022 07:23:51 GMT] "POST /external/login HTTP/1.1" 200
[Thu, 03 Nov 2022 07:24:09 GMT] "POST /external/login HTTP/1.1" 200
[Thu, 03 Nov 2022 07:30:15 GMT] "GET /external/ HTTP/1.1" 500
[Thu, 03 Nov 2022 07:30:32 GMT] "GET /external/ HTTP/1.1" 200
[Thu, 03 Nov 2022 07:30:53 GMT] "POST /external/login HTTP/1.1" 200
[Thu, 03 Nov 2022 07:30:59 GMT] "POST /external/login HTTP/1.1" 200
[Thu, 03 Nov 2022 07:37:56 GMT] "POST /external/login HTTP/1.1" 200
[Thu, 03 Nov 2022 07:37:57 GMT] "POST /external/login HTTP/1.1" 200
[Thu, 03 Nov 2022 07:38:33 GMT] "POST /external/login HTTP/1.1" 200
[Thu, 03 Nov 2022 07:48:26 GMT] "POST /external/login HTTP/1.1" 200
[Thu, 03 Nov 2022 07:49:02 GMT] "POST /external/login HTTP/1.1" 200
[Thu, 03 Nov 2022 08:16:55 GMT] "POST /external/login HTTP/1.1" 200
[Thu, 03 Nov 2022 08:18:20 GMT] "POST /external/login HTTP/1.1" 200
[Thu, 03 Nov 2022 08:24:14 GMT] "POST /external/login HTTP/1.1" 200
[Thu, 03 Nov 2022 08:25:04 GMT] "POST /external/login HTTP/1.1" 200
[Thu, 03 Nov 2022 08:26:10 GMT] "POST /external/login HTTP/1.1" 200
[Thu, 03 Nov 2022 08:27:45 GMT] "POST /external/login HTTP/1.1" 500
[Thu, 03 Nov 2022 08:28:13 GMT] "POST /external/login HTTP/1.1" 200
[Thu, 03 Nov 2022 08:28:58 GMT] "POST /external/login HTTP/1.1" 200
[Thu, 03 Nov 2022 08:29:21 GMT] "POST /external/login HTTP/1.1" 200
[Thu, 03 Nov 2022 08:29:37 GMT] "POST /external/login HTTP/1.1" 200
[Tue, 08 Nov 2022 11:38:14 GMT] "GET /external HTTP/1.1" 200
[Tue, 08 Nov 2022 11:38:15 GMT] "GET /favicon.ico HTTP/1.1" 404
[Tue, 08 Nov 2022 11:43:55 GMT] "GET /external HTTP/1.1" 304
[Tue, 08 Nov 2022 11:44:29 GMT] "GET /external HTTP/1.1" 304
[Tue, 08 Nov 2022 11:44:50 GMT] "GET /external HTTP/1.1" 304
[Tue, 08 Nov 2022 11:48:20 GMT] "GET /external HTTP/1.1" 304
[Tue, 08 Nov 2022 11:48:27 GMT] "GET /external HTTP/1.1" 304
[Tue, 08 Nov 2022 11:48:39 GMT] "GET /external HTTP/1.1" 304
[Tue, 08 Nov 2022 11:48:39 GMT] "GET /external HTTP/1.1" 304
[Tue, 08 Nov 2022 11:55:58 GMT] "GET /external HTTP/1.1" 200
[Tue, 08 Nov 2022 11:56:00 GMT] "GET /external HTTP/1.1" 304
[Tue, 08 Nov 2022 11:56:23 GMT] "GET /external HTTP/1.1" 304
[Tue, 08 Nov 2022 11:58:26 GMT] "GET /external HTTP/1.1" 304
[Tue, 08 Nov 2022 12:01:58 GMT] "GET /external HTTP/1.1" 200
